<?xml version="1.0" encoding="UTF-8"?>
<testng-results ignored="0" total="1" passed="1" failed="0" skipped="0">
  <reporter-output>
  </reporter-output>
  <suite started-at="2026-06-15T23:48:13 AEST" name="Default suite" finished-at="2026-06-15T23:48:37 AEST" duration-ms="24589">
    <groups>
    </groups>
    <test started-at="2026-06-15T23:48:13 AEST" name="Default test" finished-at="2026-06-15T23:48:37 AEST" duration-ms="24589">
      <class name="tests.EndToEndTest">
        <test-method is-config="true" signature="setup()[pri:0, instance:tests.EndToEndTest@350aac89]" started-at="2026-06-15T23:48:13 AEST" name="setup" finished-at="2026-06-15T23:48:19 AEST" duration-ms="6385" status="PASS">
          <reporter-output>
          </reporter-output>
        </test-method> <!-- setup -->
        <test-method signature="placeOrderTest()[pri:0, instance:tests.EndToEndTest@350aac89]" started-at="2026-06-15T23:48:19 AEST" name="placeOrderTest" finished-at="2026-06-15T23:48:37 AEST" duration-ms="17623" status="PASS">
          <reporter-output>
          </reporter-output>
        </test-method> <!-- placeOrderTest -->
        <test-method is-config="true" signature="teardown()[pri:0, instance:tests.EndToEndTest@350aac89]" started-at="2026-06-15T23:48:37 AEST" name="teardown" finished-at="2026-06-15T23:48:37 AEST" duration-ms="498" status="PASS">
          <reporter-output>
          </reporter-output>
        </test-method> <!-- teardown -->
      </class> <!-- tests.EndToEndTest -->
    </test> <!-- Default test -->
  </suite> <!-- Default suite -->
</testng-results>
