<?xml version="1.0" encoding="UTF-8"?>
<testng-results ignored="0" total="1" passed="1" failed="0" skipped="0">
  <reporter-output>
  </reporter-output>
  <suite started-at="2026-06-16T15:30:33 AEST" name="Default suite" finished-at="2026-06-16T15:30:56 AEST" duration-ms="22742">
    <groups>
    </groups>
    <test started-at="2026-06-16T15:30:33 AEST" name="Default test" finished-at="2026-06-16T15:30:56 AEST" duration-ms="22742">
      <class name="tests.EndToEndTest">
        <test-method is-config="true" signature="setup()[pri:0, instance:tests.EndToEndTest@618b19ad]" started-at="2026-06-16T15:30:33 AEST" name="setup" finished-at="2026-06-16T15:30:38 AEST" duration-ms="4808" status="PASS">
          <reporter-output>
          </reporter-output>
        </test-method> <!-- setup -->
        <test-method signature="placeOrderTest()[pri:0, instance:tests.EndToEndTest@618b19ad]" started-at="2026-06-16T15:30:38 AEST" name="placeOrderTest" finished-at="2026-06-16T15:30:55 AEST" duration-ms="17309" status="PASS">
          <reporter-output>
          </reporter-output>
        </test-method> <!-- placeOrderTest -->
        <test-method is-config="true" signature="tearDown()[pri:0, instance:tests.EndToEndTest@618b19ad]" started-at="2026-06-16T15:30:55 AEST" name="tearDown" finished-at="2026-06-16T15:30:56 AEST" duration-ms="427" status="PASS">
          <reporter-output>
          </reporter-output>
        </test-method> <!-- tearDown -->
      </class> <!-- tests.EndToEndTest -->
    </test> <!-- Default test -->
  </suite> <!-- Default suite -->
</testng-results>
